mode: set
gitlab.com/jeelabs/learnings/goex-rest-unit-test/handler/company_handler.go:24.48,28.16 2 1
gitlab.com/jeelabs/learnings/goex-rest-unit-test/handler/company_handler.go:28.16,31.3 2 0
gitlab.com/jeelabs/learnings/goex-rest-unit-test/handler/company_handler.go:33.2,37.4 1 1
gitlab.com/jeelabs/learnings/goex-rest-unit-test/handler/company_handler.go:40.49,45.16 3 1
gitlab.com/jeelabs/learnings/goex-rest-unit-test/handler/company_handler.go:45.16,47.3 1 1
gitlab.com/jeelabs/learnings/goex-rest-unit-test/handler/company_handler.go:49.2,53.4 1 1
gitlab.com/jeelabs/learnings/goex-rest-unit-test/handler/company_handler.go:57.48,60.56 2 1
gitlab.com/jeelabs/learnings/goex-rest-unit-test/handler/company_handler.go:60.56,63.3 2 0
gitlab.com/jeelabs/learnings/goex-rest-unit-test/handler/company_handler.go:65.2,65.25 1 1
gitlab.com/jeelabs/learnings/goex-rest-unit-test/handler/company_handler.go:65.25,67.3 1 0
gitlab.com/jeelabs/learnings/goex-rest-unit-test/handler/company_handler.go:69.2,71.16 2 1
gitlab.com/jeelabs/learnings/goex-rest-unit-test/handler/company_handler.go:71.16,74.3 2 0
gitlab.com/jeelabs/learnings/goex-rest-unit-test/handler/company_handler.go:76.2,80.4 1 1
gitlab.com/jeelabs/learnings/goex-rest-unit-test/handler/company_handler.go:83.51,87.53 3 1
gitlab.com/jeelabs/learnings/goex-rest-unit-test/handler/company_handler.go:87.53,90.3 2 0
gitlab.com/jeelabs/learnings/goex-rest-unit-test/handler/company_handler.go:92.2,94.16 2 1
gitlab.com/jeelabs/learnings/goex-rest-unit-test/handler/company_handler.go:94.16,97.3 2 0
gitlab.com/jeelabs/learnings/goex-rest-unit-test/handler/company_handler.go:99.2,103.4 1 1
gitlab.com/jeelabs/learnings/goex-rest-unit-test/handler/company_handler.go:106.51,111.16 3 1
gitlab.com/jeelabs/learnings/goex-rest-unit-test/handler/company_handler.go:111.16,114.3 2 0
gitlab.com/jeelabs/learnings/goex-rest-unit-test/handler/company_handler.go:116.2,119.4 1 1
gitlab.com/jeelabs/learnings/goex-rest-unit-test/handler/company_handler.go:122.71,124.2 1 1
gitlab.com/jeelabs/learnings/goex-rest-unit-test/repository/company_repositary_mock.go:12.57,15.2 2 0
gitlab.com/jeelabs/learnings/goex-rest-unit-test/repository/company_repositary_mock.go:17.74,20.2 2 0
gitlab.com/jeelabs/learnings/goex-rest-unit-test/repository/company_repositary_mock.go:22.86,26.24 2 0
gitlab.com/jeelabs/learnings/goex-rest-unit-test/repository/company_repositary_mock.go:26.24,28.3 1 0
gitlab.com/jeelabs/learnings/goex-rest-unit-test/repository/company_repositary_mock.go:28.8,30.3 1 0
gitlab.com/jeelabs/learnings/goex-rest-unit-test/repository/company_repositary_mock.go:33.100,35.24 2 0
gitlab.com/jeelabs/learnings/goex-rest-unit-test/repository/company_repositary_mock.go:35.24,37.3 1 0
gitlab.com/jeelabs/learnings/goex-rest-unit-test/repository/company_repositary_mock.go:37.8,39.3 1 0
gitlab.com/jeelabs/learnings/goex-rest-unit-test/repository/company_repositary_mock.go:42.57,44.24 2 0
gitlab.com/jeelabs/learnings/goex-rest-unit-test/repository/company_repositary_mock.go:44.24,46.3 1 0
gitlab.com/jeelabs/learnings/goex-rest-unit-test/repository/company_repositary_mock.go:46.8,48.3 1 0
gitlab.com/jeelabs/learnings/goex-rest-unit-test/repository/company_repository.go:19.52,21.2 1 1
gitlab.com/jeelabs/learnings/goex-rest-unit-test/repository/company_repository.go:23.69,26.37 2 1
gitlab.com/jeelabs/learnings/goex-rest-unit-test/repository/company_repository.go:26.37,27.17 1 1
gitlab.com/jeelabs/learnings/goex-rest-unit-test/repository/company_repository.go:27.17,29.4 1 1
gitlab.com/jeelabs/learnings/goex-rest-unit-test/repository/company_repository.go:32.2,32.17 1 1
gitlab.com/jeelabs/learnings/goex-rest-unit-test/repository/company_repository.go:32.17,34.3 1 1
gitlab.com/jeelabs/learnings/goex-rest-unit-test/repository/company_repository.go:36.2,36.38 1 1
gitlab.com/jeelabs/learnings/goex-rest-unit-test/repository/company_repository.go:39.81,42.2 2 1
gitlab.com/jeelabs/learnings/goex-rest-unit-test/repository/company_repository.go:44.95,47.37 2 1
gitlab.com/jeelabs/learnings/goex-rest-unit-test/repository/company_repository.go:47.37,48.17 1 1
gitlab.com/jeelabs/learnings/goex-rest-unit-test/repository/company_repository.go:48.17,50.4 1 1
gitlab.com/jeelabs/learnings/goex-rest-unit-test/repository/company_repository.go:53.2,53.17 1 1
gitlab.com/jeelabs/learnings/goex-rest-unit-test/repository/company_repository.go:53.17,55.3 1 1
gitlab.com/jeelabs/learnings/goex-rest-unit-test/repository/company_repository.go:57.2,62.19 5 1
gitlab.com/jeelabs/learnings/goex-rest-unit-test/repository/company_repository.go:65.52,68.37 2 1
gitlab.com/jeelabs/learnings/goex-rest-unit-test/repository/company_repository.go:68.37,69.17 1 1
gitlab.com/jeelabs/learnings/goex-rest-unit-test/repository/company_repository.go:69.17,71.4 1 1
gitlab.com/jeelabs/learnings/goex-rest-unit-test/repository/company_repository.go:74.2,74.17 1 1
gitlab.com/jeelabs/learnings/goex-rest-unit-test/repository/company_repository.go:74.17,76.3 1 0
gitlab.com/jeelabs/learnings/goex-rest-unit-test/repository/company_repository.go:78.2,80.12 2 1
gitlab.com/jeelabs/learnings/goex-rest-unit-test/repository/company_repository.go:83.47,85.2 1 1
gitlab.com/jeelabs/learnings/goex-rest-unit-test/service/company_service.go:21.58,23.22 2 1
gitlab.com/jeelabs/learnings/goex-rest-unit-test/service/company_service.go:23.22,25.3 1 0
gitlab.com/jeelabs/learnings/goex-rest-unit-test/service/company_service.go:26.2,26.23 1 1
gitlab.com/jeelabs/learnings/goex-rest-unit-test/service/company_service.go:29.66,32.2 2 1
gitlab.com/jeelabs/learnings/goex-rest-unit-test/service/company_service.go:34.75,38.16 2 1
gitlab.com/jeelabs/learnings/goex-rest-unit-test/service/company_service.go:38.16,40.3 1 1
gitlab.com/jeelabs/learnings/goex-rest-unit-test/service/company_service.go:42.2,42.21 1 1
gitlab.com/jeelabs/learnings/goex-rest-unit-test/service/company_service.go:45.89,47.16 2 1
gitlab.com/jeelabs/learnings/goex-rest-unit-test/service/company_service.go:47.16,49.3 1 1
gitlab.com/jeelabs/learnings/goex-rest-unit-test/service/company_service.go:50.2,50.21 1 1
gitlab.com/jeelabs/learnings/goex-rest-unit-test/service/company_service.go:53.49,55.2 1 1
gitlab.com/jeelabs/learnings/goex-rest-unit-test/service/company_service.go:57.87,59.2 1 1
gitlab.com/jeelabs/learnings/goex-rest-unit-test/service/company_service_mock.go:12.63,15.24 2 0
gitlab.com/jeelabs/learnings/goex-rest-unit-test/service/company_service_mock.go:15.24,17.3 1 0
gitlab.com/jeelabs/learnings/goex-rest-unit-test/service/company_service_mock.go:19.2,21.21 2 0
gitlab.com/jeelabs/learnings/goex-rest-unit-test/service/company_service_mock.go:24.71,28.14 2 0
gitlab.com/jeelabs/learnings/goex-rest-unit-test/service/company_service_mock.go:28.14,30.3 1 0
gitlab.com/jeelabs/learnings/goex-rest-unit-test/service/company_service_mock.go:32.2,32.24 1 0
gitlab.com/jeelabs/learnings/goex-rest-unit-test/service/company_service_mock.go:32.24,34.3 1 0
gitlab.com/jeelabs/learnings/goex-rest-unit-test/service/company_service_mock.go:36.2,38.19 2 0
gitlab.com/jeelabs/learnings/goex-rest-unit-test/service/company_service_mock.go:41.83,44.24 2 0
gitlab.com/jeelabs/learnings/goex-rest-unit-test/service/company_service_mock.go:44.24,46.3 1 0
gitlab.com/jeelabs/learnings/goex-rest-unit-test/service/company_service_mock.go:48.2,50.19 2 0
gitlab.com/jeelabs/learnings/goex-rest-unit-test/service/company_service_mock.go:53.97,56.24 2 0
gitlab.com/jeelabs/learnings/goex-rest-unit-test/service/company_service_mock.go:56.24,58.3 1 0
gitlab.com/jeelabs/learnings/goex-rest-unit-test/service/company_service_mock.go:60.2,62.19 2 0
gitlab.com/jeelabs/learnings/goex-rest-unit-test/service/company_service_mock.go:65.54,67.24 2 0
gitlab.com/jeelabs/learnings/goex-rest-unit-test/service/company_service_mock.go:67.24,69.3 1 0
gitlab.com/jeelabs/learnings/goex-rest-unit-test/service/company_service_mock.go:70.2,70.12 1 0
